New contact message saved: ID 1 from laurencomwangi@yahoo.com
Contact notification sent for message ID: 1
Auto-reply sent to: laurencomwangi@yahoo.com
New contact message saved: ID 2 from laurencomwangi@yahoo.com
Contact notification sent for message ID: 2
Auto-reply sent to: laurencomwangi@yahoo.com
New contact message saved: ID 3 from laurencomwangi@yahoo.com
Contact notification sent for message ID: 3
Auto-reply sent to: laurencomwangi@yahoo.com
New contact message saved: ID 4 from laurencomwangi@yahoo.com
Contact notification sent for message ID: 4
Auto-reply sent to: laurencomwangi@yahoo.com
New contact message saved: ID 5 from laurencomwangi@yahoo.com
Contact notification sent for message ID: 5
Auto-reply sent to: laurencomwangi@yahoo.com
New contact message saved: ID 6 from laurencomwangi@yahoo.com
Contact notification sent for message ID: 6
Auto-reply sent to: laurencomwangi@yahoo.com
New contact message saved: ID 7 from lmwangi519@gmail.com
Contact notification sent for message ID: 7
Auto-reply sent to: lmwangi519@gmail.com
New contact message saved: ID 8 from lmwangi519@gmail.com
Failed to send contact notification: (554, b'5.7.8 Access Restricted. For more details, check this announcement: https://help.zoho.com/portal/en/community/topic/zoho-mail-server-details')
Failed to send auto-reply: (554, b'5.7.8 Access Restricted. For more details, check this announcement: https://help.zoho.com/portal/en/community/topic/zoho-mail-server-details')
Failed to send notification for message ID: 8
New contact message saved: ID 9 from laurencomwangi@yahoo.com
Failed to send contact notification: (554, b'5.7.8 Access Restricted. For more details, check this announcement: https://help.zoho.com/portal/en/community/topic/zoho-mail-server-details')
Failed to send auto-reply: (554, b'5.7.8 Access Restricted. For more details, check this announcement: https://help.zoho.com/portal/en/community/topic/zoho-mail-server-details')
Failed to send notification for message ID: 9
New contact message saved: ID 10 from wangarig983@gmail.com
Contact notification sent for message ID: 10
Auto-reply sent to: wangarig983@gmail.com
